<?xml version="1.0" encoding="UTF-8"?>
<!-- Generated by org.testng.reporters.JUnitXMLReporter -->
<testsuite ignored="0" hostname="Saravanans-MacBook-Pro.local" failures="0" tests="4" name="Test" time="0.036" errors="0" timestamp="2022-04-17T22:40:16 PDT">
  <testcase classname="TestingMaven.Maven.AnotherClassTest" name="sample" time="0.004"/>
  <testcase classname="TestingMaven.Maven.SecondTest" name="homePage1Test" time="0.0"/>
  <testcase classname="TestingMaven.Maven.SeleniumHomeTest" name="homePageTest" time="0.001"/>
  <testcase classname="TestingMaven.Maven.SeleniumHomeTest" name="homepage" time="0.0"/>
</testsuite> <!-- Test -->
