<?xml version="1.0" encoding="UTF-8"?>
<testng-results ignored="0" total="4" passed="4" failed="0" skipped="0">
  <reporter-output>
  </reporter-output>
  <suite started-at="2022-04-18T11:12:20 PDT" name="Command line suite" finished-at="2022-04-18T11:12:20 PDT" duration-ms="45">
    <groups>
    </groups>
    <test started-at="2022-04-18T11:12:20 PDT" name="Command line test" finished-at="2022-04-18T11:12:20 PDT" duration-ms="45">
      <class name="TestingMaven.Maven.SecondTest">
        <test-method signature="homePage1Test()[pri:0, instance:TestingMaven.Maven.SecondTest@1da51a35]" started-at="2022-04-18T11:12:20 PDT" name="homePage1Test" finished-at="2022-04-18T11:12:20 PDT" duration-ms="1" status="PASS">
          <reporter-output>
          </reporter-output>
        </test-method> <!-- homePage1Test -->
      </class> <!-- TestingMaven.Maven.SecondTest -->
      <class name="TestingMaven.Maven.AnotherClassTest">
        <test-method signature="sample()[pri:0, instance:TestingMaven.Maven.AnotherClassTest@16022d9d]" started-at="2022-04-18T11:12:20 PDT" name="sample" finished-at="2022-04-18T11:12:20 PDT" duration-ms="0" status="PASS">
          <reporter-output>
          </reporter-output>
        </test-method> <!-- sample -->
      </class> <!-- TestingMaven.Maven.AnotherClassTest -->
      <class name="TestingMaven.Maven.SeleniumHomeTest">
        <test-method signature="homePageTest()[pri:0, instance:TestingMaven.Maven.SeleniumHomeTest@281e3708]" started-at="2022-04-18T11:12:20 PDT" name="homePageTest" finished-at="2022-04-18T11:12:20 PDT" duration-ms="4" status="PASS">
          <reporter-output>
          </reporter-output>
        </test-method> <!-- homePageTest -->
        <test-method signature="homepage()[pri:0, instance:TestingMaven.Maven.SeleniumHomeTest@281e3708]" started-at="2022-04-18T11:12:20 PDT" name="homepage" finished-at="2022-04-18T11:12:20 PDT" duration-ms="0" status="PASS">
          <reporter-output>
          </reporter-output>
        </test-method> <!-- homepage -->
      </class> <!-- TestingMaven.Maven.SeleniumHomeTest -->
    </test> <!-- Command line test -->
  </suite> <!-- Command line suite -->
</testng-results>
