<?xml version="1.0" encoding="UTF-8"?>
<testng-results ignored="0" total="1" passed="1" failed="0" skipped="0">
  <reporter-output>
  </reporter-output>
  <suite started-at="2022-04-15T16:31:37 PDT" name="Default suite" finished-at="2022-04-15T16:31:37 PDT" duration-ms="77">
    <groups>
    </groups>
    <test started-at="2022-04-15T16:31:37 PDT" name="Default test" finished-at="2022-04-15T16:31:37 PDT" duration-ms="77">
      <class name="TestingMaven.Maven.SeleniumHomeTest">
        <test-method signature="homePageTest()[pri:0, instance:TestingMaven.Maven.SeleniumHomeTest@7920ba90]" started-at="2022-04-15T16:31:37 PDT" name="homePageTest" finished-at="2022-04-15T16:31:37 PDT" duration-ms="21" status="PASS">
          <reporter-output>
          </reporter-output>
        </test-method> <!-- homePageTest -->
      </class> <!-- TestingMaven.Maven.SeleniumHomeTest -->
    </test> <!-- Default test -->
  </suite> <!-- Default suite -->
</testng-results>
